2024-02-29T12:58:18.350629-0300 INFO Chamando função 'pipeline' com args ('data/', ['csv', 'parquet']) e kwargs {} utils_log.py
2024-02-29T12:58:18.351683-0300 INFO Chamando função 'extrair_dado' com args ('data/',) e kwargs {} utils_log.py
2024-02-29T12:58:18.425942-0300 INFO Função 'extrair_dado' retornou             Produto    Categoria  Quantidade  Venda        Data
0    Notebook Gamer  Eletrônicos           3   1500  2023-01-15
1     Mouse Sem Fio  Eletrônicos          10     30  2023-01-15
2  Teclado Mecânico  Eletrônicos           5    100  2023-01-15
3    Notebook Gamer  Eletrônicos           7   1500  2023-01-16
4     Mouse Sem Fio  Eletrônicos          10     30  2023-01-16
5  Teclado Mecânico  Eletrônicos           3    100  2023-01-16
6    Notebook Gamer  Eletrônicos           2   1500  2023-01-17
7     Mouse Sem Fio  Eletrônicos          14     30  2023-01-17
8  Teclado Mecânico  Eletrônicos           2    100  2023-01-17 utils_log.py
2024-02-29T12:58:18.434060-0300 INFO Chamando função 'transformar_dado' com args (            Produto    Categoria  Quantidade  Venda        Data
0    Notebook Gamer  Eletrônicos           3   1500  2023-01-15
1     Mouse Sem Fio  Eletrônicos          10     30  2023-01-15
2  Teclado Mecânico  Eletrônicos           5    100  2023-01-15
3    Notebook Gamer  Eletrônicos           7   1500  2023-01-16
4     Mouse Sem Fio  Eletrônicos          10     30  2023-01-16
5  Teclado Mecânico  Eletrônicos           3    100  2023-01-16
6    Notebook Gamer  Eletrônicos           2   1500  2023-01-17
7     Mouse Sem Fio  Eletrônicos          14     30  2023-01-17
8  Teclado Mecânico  Eletrônicos           2    100  2023-01-17,) e kwargs {} utils_log.py
2024-02-29T12:58:18.454680-0300 INFO Função 'transformar_dado' retornou             Produto    Categoria  Quantidade  Venda        Data  Total
0    Notebook Gamer  Eletrônicos           3   1500  2023-01-15   4500
1     Mouse Sem Fio  Eletrônicos          10     30  2023-01-15    300
2  Teclado Mecânico  Eletrônicos           5    100  2023-01-15    500
3    Notebook Gamer  Eletrônicos           7   1500  2023-01-16  10500
4     Mouse Sem Fio  Eletrônicos          10     30  2023-01-16    300
5  Teclado Mecânico  Eletrônicos           3    100  2023-01-16    300
6    Notebook Gamer  Eletrônicos           2   1500  2023-01-17   3000
7     Mouse Sem Fio  Eletrônicos          14     30  2023-01-17    420
8  Teclado Mecânico  Eletrônicos           2    100  2023-01-17    200 utils_log.py
2024-02-29T12:58:18.467225-0300 INFO Chamando função 'enviar_dados' com args (            Produto    Categoria  Quantidade  Venda        Data  Total
0    Notebook Gamer  Eletrônicos           3   1500  2023-01-15   4500
1     Mouse Sem Fio  Eletrônicos          10     30  2023-01-15    300
2  Teclado Mecânico  Eletrônicos           5    100  2023-01-15    500
3    Notebook Gamer  Eletrônicos           7   1500  2023-01-16  10500
4     Mouse Sem Fio  Eletrônicos          10     30  2023-01-16    300
5  Teclado Mecânico  Eletrônicos           3    100  2023-01-16    300
6    Notebook Gamer  Eletrônicos           2   1500  2023-01-17   3000
7     Mouse Sem Fio  Eletrônicos          14     30  2023-01-17    420
8  Teclado Mecânico  Eletrônicos           2    100  2023-01-17    200, ['csv', 'parquet']) e kwargs {} utils_log.py
2024-02-29T12:58:18.953981-0300 INFO Função 'enviar_dados' retornou None utils_log.py
2024-02-29T12:58:18.955321-0300 INFO Função 'pipeline' retornou None utils_log.py
